2025-07-02 04:41:11,593 - INFO - ====== WebDriver manager ======
2025-07-02 04:41:13,489 - INFO - Get LATEST chromedriver version for google-chrome
2025-07-02 04:41:13,657 - INFO - Get LATEST chromedriver version for google-chrome
2025-07-02 04:41:13,798 - INFO - Driver [C:\Users\kedr\.wdm\drivers\chromedriver\win64\138.0.7204.92\chromedriver-win32/chromedriver.exe] found in cache
2025-07-02 04:53:00,939 - INFO - ====== WebDriver manager ======
2025-07-02 04:53:02,520 - INFO - Get LATEST chromedriver version for google-chrome
2025-07-02 04:53:02,664 - INFO - Get LATEST chromedriver version for google-chrome
2025-07-02 04:53:02,814 - INFO - Driver [C:\Users\kedr\.wdm\drivers\chromedriver\win64\138.0.7204.92\chromedriver-win32/chromedriver.exe] found in cache
2025-07-02 04:59:32,370 - INFO - ====== WebDriver manager ======
2025-07-02 04:59:33,977 - INFO - Get LATEST chromedriver version for google-chrome
2025-07-02 04:59:34,112 - INFO - Get LATEST chromedriver version for google-chrome
2025-07-02 04:59:34,249 - INFO - Driver [C:\Users\kedr\.wdm\drivers\chromedriver\win64\138.0.7204.92\chromedriver-win32/chromedriver.exe] found in cache
2025-07-02 05:00:28,677 - INFO - ====== WebDriver manager ======
2025-07-02 05:00:30,107 - INFO - Get LATEST chromedriver version for google-chrome
2025-07-02 05:00:30,244 - INFO - Get LATEST chromedriver version for google-chrome
2025-07-02 05:00:30,393 - INFO - Driver [C:\Users\kedr\.wdm\drivers\chromedriver\win64\138.0.7204.92\chromedriver-win32/chromedriver.exe] found in cache
2025-07-02 05:02:05,541 - INFO - ====== WebDriver manager ======
2025-07-02 05:02:07,376 - INFO - Get LATEST chromedriver version for google-chrome
2025-07-02 05:02:07,526 - INFO - Get LATEST chromedriver version for google-chrome
2025-07-02 05:02:07,689 - INFO - Driver [C:\Users\kedr\.wdm\drivers\chromedriver\win64\138.0.7204.92\chromedriver-win32/chromedriver.exe] found in cache
2025-07-02 05:03:18,646 - INFO - ====== WebDriver manager ======
2025-07-02 05:03:20,297 - INFO - Get LATEST chromedriver version for google-chrome
2025-07-02 05:03:20,438 - INFO - Get LATEST chromedriver version for google-chrome
2025-07-02 05:03:20,598 - INFO - Driver [C:\Users\kedr\.wdm\drivers\chromedriver\win64\138.0.7204.92\chromedriver-win32/chromedriver.exe] found in cache
2025-07-02 05:07:04,751 - INFO - ====== WebDriver manager ======
2025-07-02 05:07:06,644 - INFO - Get LATEST chromedriver version for google-chrome
2025-07-02 05:07:06,797 - INFO - Get LATEST chromedriver version for google-chrome
2025-07-02 05:07:06,951 - INFO - Driver [C:\Users\kedr\.wdm\drivers\chromedriver\win64\138.0.7204.92\chromedriver-win32/chromedriver.exe] found in cache
2025-07-02 05:09:24,277 - INFO - ====== WebDriver manager ======
2025-07-02 05:09:26,170 - INFO - Get LATEST chromedriver version for google-chrome
2025-07-02 05:09:26,334 - INFO - Get LATEST chromedriver version for google-chrome
2025-07-02 05:09:26,497 - INFO - Driver [C:\Users\kedr\.wdm\drivers\chromedriver\win64\138.0.7204.92\chromedriver-win32/chromedriver.exe] found in cache
2025-07-02 05:11:34,886 - INFO - ====== WebDriver manager ======
2025-07-02 05:11:36,582 - INFO - Get LATEST chromedriver version for google-chrome
2025-07-02 05:11:36,728 - INFO - Get LATEST chromedriver version for google-chrome
2025-07-02 05:11:36,887 - INFO - Driver [C:\Users\kedr\.wdm\drivers\chromedriver\win64\138.0.7204.92\chromedriver-win32/chromedriver.exe] found in cache
2025-07-02 05:12:34,795 - INFO - ====== WebDriver manager ======
2025-07-02 05:12:36,381 - INFO - Get LATEST chromedriver version for google-chrome
2025-07-02 05:12:36,523 - INFO - Get LATEST chromedriver version for google-chrome
2025-07-02 05:12:36,669 - INFO - Driver [C:\Users\kedr\.wdm\drivers\chromedriver\win64\138.0.7204.92\chromedriver-win32/chromedriver.exe] found in cache
2025-07-02 05:15:26,333 - INFO - ====== WebDriver manager ======
2025-07-02 05:15:28,011 - INFO - Get LATEST chromedriver version for google-chrome
2025-07-02 05:15:28,158 - INFO - Get LATEST chromedriver version for google-chrome
2025-07-02 05:15:28,313 - INFO - Driver [C:\Users\kedr\.wdm\drivers\chromedriver\win64\138.0.7204.92\chromedriver-win32/chromedriver.exe] found in cache
2025-07-02 05:16:20,097 - INFO - ====== WebDriver manager ======
2025-07-02 05:16:21,727 - INFO - Get LATEST chromedriver version for google-chrome
2025-07-02 05:16:21,865 - INFO - Get LATEST chromedriver version for google-chrome
2025-07-02 05:16:22,023 - INFO - Driver [C:\Users\kedr\.wdm\drivers\chromedriver\win64\138.0.7204.92\chromedriver-win32/chromedriver.exe] found in cache
2025-07-03 19:01:07,016 - INFO - ====== WebDriver manager ======
2025-07-03 19:01:08,830 - INFO - Get LATEST chromedriver version for google-chrome
2025-07-03 19:01:08,985 - INFO - Get LATEST chromedriver version for google-chrome
2025-07-03 19:01:09,137 - INFO - Driver [C:\Users\kedr\.wdm\drivers\chromedriver\win64\138.0.7204.92\chromedriver-win32/chromedriver.exe] found in cache
2025-07-03 19:03:21,412 - ERROR - Не удалось кликнуть по кнопка создания ключа: Не удалось найти кнопка создания ключа ни с одним из XPath
2025-07-03 19:04:04,853 - INFO - ====== WebDriver manager ======
2025-07-03 19:04:06,841 - INFO - Get LATEST chromedriver version for google-chrome
2025-07-03 19:04:07,017 - INFO - Get LATEST chromedriver version for google-chrome
2025-07-03 19:04:07,207 - INFO - Driver [C:\Users\kedr\.wdm\drivers\chromedriver\win64\138.0.7204.92\chromedriver-win32/chromedriver.exe] found in cache
2025-07-03 23:02:59,608 - INFO - ====== WebDriver manager ======
2025-07-03 23:02:59,609 - INFO - ====== WebDriver manager ======
2025-07-03 23:03:01,539 - INFO - Get LATEST chromedriver version for google-chrome
2025-07-03 23:03:01,553 - INFO - Get LATEST chromedriver version for google-chrome
2025-07-03 23:03:01,716 - INFO - Get LATEST chromedriver version for google-chrome
2025-07-03 23:03:01,716 - INFO - Get LATEST chromedriver version for google-chrome
2025-07-03 23:03:01,894 - INFO - Driver [C:\Users\kedr\.wdm\drivers\chromedriver\win64\138.0.7204.92\chromedriver-win32/chromedriver.exe] found in cache
2025-07-03 23:03:02,089 - INFO - Driver [C:\Users\kedr\.wdm\drivers\chromedriver\win64\138.0.7204.92\chromedriver-win32/chromedriver.exe] found in cache
2025-07-03 23:07:01,667 - INFO - ====== WebDriver manager ======
2025-07-03 23:07:01,679 - INFO - ====== WebDriver manager ======
2025-07-03 23:07:03,424 - INFO - Get LATEST chromedriver version for google-chrome
2025-07-03 23:07:03,450 - INFO - Get LATEST chromedriver version for google-chrome
2025-07-03 23:07:03,598 - INFO - Get LATEST chromedriver version for google-chrome
2025-07-03 23:07:03,635 - INFO - Get LATEST chromedriver version for google-chrome
2025-07-03 23:07:03,870 - INFO - Driver [C:\Users\kedr\.wdm\drivers\chromedriver\win64\138.0.7204.92\chromedriver-win32/chromedriver.exe] found in cache
2025-07-03 23:07:03,926 - INFO - Driver [C:\Users\kedr\.wdm\drivers\chromedriver\win64\138.0.7204.92\chromedriver-win32/chromedriver.exe] found in cache
2025-07-03 23:15:55,336 - INFO - ====== WebDriver manager ======
2025-07-03 23:15:55,343 - INFO - ====== WebDriver manager ======
2025-07-03 23:15:57,026 - INFO - Get LATEST chromedriver version for google-chrome
2025-07-03 23:15:57,038 - INFO - Get LATEST chromedriver version for google-chrome
2025-07-03 23:15:57,197 - INFO - Get LATEST chromedriver version for google-chrome
2025-07-03 23:15:57,201 - INFO - Get LATEST chromedriver version for google-chrome
2025-07-03 23:15:57,349 - INFO - Driver [C:\Users\kedr\.wdm\drivers\chromedriver\win64\138.0.7204.92\chromedriver-win32/chromedriver.exe] found in cache
2025-07-03 23:15:57,357 - INFO - Driver [C:\Users\kedr\.wdm\drivers\chromedriver\win64\138.0.7204.92\chromedriver-win32/chromedriver.exe] found in cache
2025-07-04 01:37:56,443 - INFO - ====== WebDriver manager ======
2025-07-04 01:37:56,457 - INFO - ====== WebDriver manager ======
2025-07-04 01:37:58,237 - INFO - Get LATEST chromedriver version for google-chrome
2025-07-04 01:37:58,255 - INFO - Get LATEST chromedriver version for google-chrome
2025-07-04 01:37:58,395 - INFO - Get LATEST chromedriver version for google-chrome
2025-07-04 01:37:58,450 - INFO - Get LATEST chromedriver version for google-chrome
2025-07-04 01:37:58,555 - INFO - Driver [C:\Users\kedr\.wdm\drivers\chromedriver\win64\138.0.7204.92\chromedriver-win32/chromedriver.exe] found in cache
2025-07-04 01:37:58,601 - INFO - Driver [C:\Users\kedr\.wdm\drivers\chromedriver\win64\138.0.7204.92\chromedriver-win32/chromedriver.exe] found in cache
2025-07-04 01:49:57,533 - INFO - ====== WebDriver manager ======
2025-07-04 01:49:57,534 - INFO - ====== WebDriver manager ======
2025-07-04 01:49:57,534 - INFO - ====== WebDriver manager ======
2025-07-04 01:49:57,534 - INFO - ====== WebDriver manager ======
2025-07-04 01:49:57,589 - INFO - ====== WebDriver manager ======
2025-07-04 01:50:00,115 - INFO - Get LATEST chromedriver version for google-chrome
2025-07-04 01:50:00,184 - INFO - Get LATEST chromedriver version for google-chrome
2025-07-04 01:50:00,199 - INFO - Get LATEST chromedriver version for google-chrome
2025-07-04 01:50:00,278 - INFO - Get LATEST chromedriver version for google-chrome
2025-07-04 01:50:00,309 - INFO - Get LATEST chromedriver version for google-chrome
2025-07-04 01:50:00,309 - INFO - Get LATEST chromedriver version for google-chrome
2025-07-04 01:50:00,336 - INFO - Get LATEST chromedriver version for google-chrome
2025-07-04 01:50:00,337 - INFO - Get LATEST chromedriver version for google-chrome
2025-07-04 01:50:00,346 - INFO - Get LATEST chromedriver version for google-chrome
2025-07-04 01:50:00,420 - INFO - Driver [C:\Users\kedr\.wdm\drivers\chromedriver\win64\138.0.7204.92\chromedriver-win32/chromedriver.exe] found in cache
2025-07-04 01:50:00,455 - INFO - Get LATEST chromedriver version for google-chrome
2025-07-04 01:50:00,465 - INFO - Get LATEST chromedriver version for google-chrome
2025-07-04 01:50:00,480 - INFO - Driver [C:\Users\kedr\.wdm\drivers\chromedriver\win64\138.0.7204.92\chromedriver-win32/chromedriver.exe] found in cache
2025-07-04 01:50:00,491 - INFO - Driver [C:\Users\kedr\.wdm\drivers\chromedriver\win64\138.0.7204.92\chromedriver-win32/chromedriver.exe] found in cache
2025-07-04 01:50:00,556 - INFO - Driver [C:\Users\kedr\.wdm\drivers\chromedriver\win64\138.0.7204.92\chromedriver-win32/chromedriver.exe] found in cache
2025-07-04 01:50:00,608 - INFO - Driver [C:\Users\kedr\.wdm\drivers\chromedriver\win64\138.0.7204.92\chromedriver-win32/chromedriver.exe] found in cache
2025-07-04 01:50:00,612 - INFO - Driver [C:\Users\kedr\.wdm\drivers\chromedriver\win64\138.0.7204.92\chromedriver-win32/chromedriver.exe] found in cache
2025-07-04 01:56:34,317 - INFO - ====== WebDriver manager ======
2025-07-04 01:56:34,324 - INFO - ====== WebDriver manager ======
2025-07-04 01:56:34,326 - INFO - ====== WebDriver manager ======
2025-07-04 01:56:34,331 - INFO - ====== WebDriver manager ======
2025-07-04 01:56:34,336 - INFO - ====== WebDriver manager ======
2025-07-04 01:56:34,342 - INFO - ====== WebDriver manager ======
2025-07-04 01:56:36,972 - INFO - Get LATEST chromedriver version for google-chrome
2025-07-04 01:56:36,982 - INFO - Get LATEST chromedriver version for google-chrome
2025-07-04 01:56:37,028 - INFO - Get LATEST chromedriver version for google-chrome
2025-07-04 01:56:37,044 - INFO - Get LATEST chromedriver version for google-chrome
2025-07-04 01:56:37,072 - INFO - Get LATEST chromedriver version for google-chrome
2025-07-04 01:56:37,075 - INFO - Get LATEST chromedriver version for google-chrome
2025-07-04 01:56:37,114 - INFO - Get LATEST chromedriver version for google-chrome
2025-07-04 01:56:37,126 - INFO - Get LATEST chromedriver version for google-chrome
2025-07-04 01:56:37,178 - INFO - Get LATEST chromedriver version for google-chrome
2025-07-04 01:56:37,186 - INFO - Get LATEST chromedriver version for google-chrome
2025-07-04 01:56:37,230 - INFO - Get LATEST chromedriver version for google-chrome
2025-07-04 01:56:37,230 - INFO - Get LATEST chromedriver version for google-chrome
2025-07-04 01:56:37,262 - INFO - Driver [C:\Users\kedr\.wdm\drivers\chromedriver\win64\138.0.7204.92\chromedriver-win32/chromedriver.exe] found in cache
2025-07-04 01:56:37,288 - INFO - Driver [C:\Users\kedr\.wdm\drivers\chromedriver\win64\138.0.7204.92\chromedriver-win32/chromedriver.exe] found in cache
2025-07-04 01:56:37,333 - INFO - Driver [C:\Users\kedr\.wdm\drivers\chromedriver\win64\138.0.7204.92\chromedriver-win32/chromedriver.exe] found in cache
2025-07-04 01:56:37,342 - INFO - Driver [C:\Users\kedr\.wdm\drivers\chromedriver\win64\138.0.7204.92\chromedriver-win32/chromedriver.exe] found in cache
2025-07-04 01:56:37,384 - INFO - Driver [C:\Users\kedr\.wdm\drivers\chromedriver\win64\138.0.7204.92\chromedriver-win32/chromedriver.exe] found in cache
2025-07-04 01:56:37,389 - INFO - Driver [C:\Users\kedr\.wdm\drivers\chromedriver\win64\138.0.7204.92\chromedriver-win32/chromedriver.exe] found in cache
2025-07-04 02:03:41,334 - INFO - ====== WebDriver manager ======
2025-07-04 02:03:41,341 - INFO - ====== WebDriver manager ======
2025-07-04 02:03:41,342 - INFO - ====== WebDriver manager ======
2025-07-04 02:03:41,343 - INFO - ====== WebDriver manager ======
2025-07-04 02:03:41,391 - INFO - ====== WebDriver manager ======
2025-07-04 02:03:43,961 - INFO - Get LATEST chromedriver version for google-chrome
2025-07-04 02:03:43,971 - INFO - Get LATEST chromedriver version for google-chrome
2025-07-04 02:03:43,988 - INFO - Get LATEST chromedriver version for google-chrome
2025-07-04 02:03:44,051 - INFO - Get LATEST chromedriver version for google-chrome
2025-07-04 02:03:44,060 - INFO - Get LATEST chromedriver version for google-chrome
2025-07-04 02:03:44,085 - INFO - Get LATEST chromedriver version for google-chrome
2025-07-04 02:03:44,106 - INFO - Get LATEST chromedriver version for google-chrome
2025-07-04 02:03:44,117 - INFO - Get LATEST chromedriver version for google-chrome
2025-07-04 02:03:44,139 - INFO - Get LATEST chromedriver version for google-chrome
2025-07-04 02:03:44,199 - INFO - Get LATEST chromedriver version for google-chrome
2025-07-04 02:03:44,207 - INFO - Get LATEST chromedriver version for google-chrome
2025-07-04 02:03:44,235 - INFO - Get LATEST chromedriver version for google-chrome
2025-07-04 02:03:44,258 - INFO - Driver [C:\Users\kedr\.wdm\drivers\chromedriver\win64\138.0.7204.92\chromedriver-win32/chromedriver.exe] found in cache
2025-07-04 02:03:44,278 - INFO - Driver [C:\Users\kedr\.wdm\drivers\chromedriver\win64\138.0.7204.92\chromedriver-win32/chromedriver.exe] found in cache
2025-07-04 02:03:44,280 - INFO - Driver [C:\Users\kedr\.wdm\drivers\chromedriver\win64\138.0.7204.92\chromedriver-win32/chromedriver.exe] found in cache
2025-07-04 02:03:44,338 - INFO - Driver [C:\Users\kedr\.wdm\drivers\chromedriver\win64\138.0.7204.92\chromedriver-win32/chromedriver.exe] found in cache
2025-07-04 02:03:44,364 - INFO - Driver [C:\Users\kedr\.wdm\drivers\chromedriver\win64\138.0.7204.92\chromedriver-win32/chromedriver.exe] found in cache
2025-07-04 02:03:44,377 - INFO - Driver [C:\Users\kedr\.wdm\drivers\chromedriver\win64\138.0.7204.92\chromedriver-win32/chromedriver.exe] found in cache
2025-07-04 02:07:41,230 - INFO - ====== WebDriver manager ======
2025-07-04 02:07:41,230 - INFO - ====== WebDriver manager ======
2025-07-04 02:07:41,242 - INFO - ====== WebDriver manager ======
2025-07-04 02:07:41,246 - INFO - ====== WebDriver manager ======
2025-07-04 02:07:41,246 - INFO - ====== WebDriver manager ======
2025-07-04 02:07:41,260 - INFO - ====== WebDriver manager ======
2025-07-04 02:07:43,681 - INFO - Get LATEST chromedriver version for google-chrome
2025-07-04 02:07:43,740 - INFO - Get LATEST chromedriver version for google-chrome
2025-07-04 02:07:43,793 - INFO - Get LATEST chromedriver version for google-chrome
2025-07-04 02:07:43,806 - INFO - Get LATEST chromedriver version for google-chrome
2025-07-04 02:07:43,819 - INFO - Get LATEST chromedriver version for google-chrome
2025-07-04 02:07:43,822 - INFO - Get LATEST chromedriver version for google-chrome
2025-07-04 02:07:43,886 - INFO - Get LATEST chromedriver version for google-chrome
2025-07-04 02:07:43,936 - INFO - Get LATEST chromedriver version for google-chrome
2025-07-04 02:07:43,944 - INFO - Get LATEST chromedriver version for google-chrome
2025-07-04 02:07:43,951 - INFO - Get LATEST chromedriver version for google-chrome
2025-07-04 02:07:43,965 - INFO - Get LATEST chromedriver version for google-chrome
2025-07-04 02:07:43,971 - INFO - Driver [C:\Users\kedr\.wdm\drivers\chromedriver\win64\138.0.7204.92\chromedriver-win32/chromedriver.exe] found in cache
2025-07-04 02:07:44,041 - INFO - Driver [C:\Users\kedr\.wdm\drivers\chromedriver\win64\138.0.7204.92\chromedriver-win32/chromedriver.exe] found in cache
2025-07-04 02:07:44,079 - INFO - Driver [C:\Users\kedr\.wdm\drivers\chromedriver\win64\138.0.7204.92\chromedriver-win32/chromedriver.exe] found in cache
2025-07-04 02:07:44,091 - INFO - Driver [C:\Users\kedr\.wdm\drivers\chromedriver\win64\138.0.7204.92\chromedriver-win32/chromedriver.exe] found in cache
2025-07-04 02:07:44,096 - INFO - Driver [C:\Users\kedr\.wdm\drivers\chromedriver\win64\138.0.7204.92\chromedriver-win32/chromedriver.exe] found in cache
2025-07-04 02:07:44,109 - INFO - Driver [C:\Users\kedr\.wdm\drivers\chromedriver\win64\138.0.7204.92\chromedriver-win32/chromedriver.exe] found in cache
2025-07-04 02:09:33,640 - ERROR - Не удалось кликнуть по кнопка Continue в начале онбординга: Не удалось найти кнопка Continue в начале онбординга ни с одним из XPath
2025-07-04 02:15:44,549 - INFO - ====== WebDriver manager ======
2025-07-04 02:15:46,487 - INFO - Get LATEST chromedriver version for google-chrome
2025-07-04 02:15:46,644 - INFO - Get LATEST chromedriver version for google-chrome
2025-07-04 02:15:46,800 - INFO - Driver [C:\Users\kedr\.wdm\drivers\chromedriver\win64\138.0.7204.92\chromedriver-win32/chromedriver.exe] found in cache
2025-07-04 02:19:20,343 - INFO - ====== WebDriver manager ======
2025-07-04 02:19:22,444 - INFO - Get LATEST chromedriver version for google-chrome
2025-07-04 02:19:22,601 - INFO - Get LATEST chromedriver version for google-chrome
2025-07-04 02:19:22,768 - INFO - Driver [C:\Users\kedr\.wdm\drivers\chromedriver\win64\138.0.7204.92\chromedriver-win32/chromedriver.exe] found in cache
2025-07-04 02:20:51,696 - ERROR - Action failed after 5 attempts: All signup button methods failed
2025-07-04 02:32:38,199 - INFO - ====== WebDriver manager ======
2025-07-04 02:32:40,460 - INFO - Get LATEST chromedriver version for google-chrome
2025-07-04 02:32:40,773 - INFO - Get LATEST chromedriver version for google-chrome
2025-07-04 02:32:41,022 - INFO - Driver [C:\Users\kedr\.wdm\drivers\chromedriver\win64\138.0.7204.92\chromedriver-win32/chromedriver.exe] found in cache
